<?xml version="1.0" encoding="UTF-8"?>
<testsuite name="TestSuite_1" tests="4" skipped="0" failures="0" errors="0" timestamp="2017-11-01T14:57:56" hostname="LAPTOP-7RF074MN" time="0.042">
  <properties/>
  <testcase name="test2" classname="TestSuite_1" time="0.007"/>
  <testcase name="testAdditionMethod" classname="TestSuite_1" time="0.012"/>
  <testcase name="test2" classname="TestSuite_1" time="0.005"/>
  <testcase name="testAdditionMethod" classname="TestSuite_1" time="0.001"/>
  <system-out><![CDATA[ Im the before method
wohoo! I am test 
 Im the after method
test test2 PASSED!
 Im the before method
wohoo! I am testing add method
 Im the after method
test testAdditionMethod PASSED!
 Run this once before everything
 Im the before method
wohoo! I am test 
 Im the after method
test test2 PASSED!
 Im the before method
wohoo! I am testing add method
 Im the after method
test testAdditionMethod PASSED!
 Run this once after everything
]]></system-out>
  <system-err><![CDATA[]]></system-err>
</testsuite>
