<?xml version="1.0" encoding="UTF-8"?>
<testsuite name="TestPrimer" tests="0" skipped="0" failures="0" errors="0" timestamp="1970-01-01T00:00:00" hostname="LAPTOP-7RF074MN" time="0.0">
  <properties/>
  <system-out><![CDATA[ Run this once before everything
 Run this once after everything
]]></system-out>
  <system-err><![CDATA[]]></system-err>
</testsuite>
